#
# There is insufficient memory for the Java Runtime Environment to continue.
# Native memory allocation (malloc) failed to allocate 1048576 bytes for AllocateHeap
# Possible reasons:
#   The system is out of physical RAM or swap space
#   The process is running with CompressedOops enabled, and the Java Heap may be blocking the growth of the native heap
# Possible solutions:
#   Reduce memory load on the system
#   Increase physical memory or swap space
#   Check if swap backing store is full
#   Decrease Java heap size (-Xmx/-Xms)
#   Decrease number of Java threads
#   Decrease Java thread stack sizes (-Xss)
#   Set larger code cache with -XX:ReservedCodeCacheSize=
#   JVM is running with Zero Based Compressed Oops mode in which the Java heap is
#     placed in the first 32GB address space. The Java Heap base address is the
#     maximum limit for the native heap growth. Please use -XX:HeapBaseMinAddress
#     to set the Java Heap base and to place the Java Heap above 32GB virtual address.
# This output file may be truncated or incomplete.
#
#  Out of Memory Error (memory/allocation.inline.hpp:61), pid=7352, tid=0x0000000000000f68
#
# JRE version:  (8.0) (build )
# Java VM: OpenJDK 64-Bit Server VM (25.71-b00 mixed mode windows-amd64 compressed oops)
# Failed to write core dump. Minidumps are not enabled by default on client versions of Windows
#

---------------  T H R E A D  ---------------

Current thread (0x000000000126e000):  JavaThread "Unknown thread" [_thread_in_vm, id=3944, stack(0x0000000002b50000,0x0000000002c50000)]

Stack: [0x0000000002b50000,0x0000000002c50000]
[error occurred during error reporting (printing stack bounds), id 0xc0000005]

Native frames: (J=compiled Java code, j=interpreted, Vv=VM code, C=native code)


---------------  P R O C E S S  ---------------

Java Threads: ( => current thread )

Other Threads:

=>0x000000000126e000 (exited) JavaThread "Unknown thread" [_thread_in_vm, id=3944, stack(0x0000000002b50000,0x0000000002c50000)]

VM state:not at safepoint (normal execution)

VM Mutex/Monitor currently owned by a thread: None

heap address: 0x0000000700a00000, size: 3062 MB, Compressed Oops mode: Zero based, Oop shift amount: 3
Narrow klass base: 0x0000000000000000, Narrow klass shift: 3
Compressed class space size: 1073741824 Address: 0x00000007c0000000

Heap:
 PSYoungGen      total 2048K, used 30K [0x0000000780380000, 0x0000000780600000, 0x00000007c0000000)
  eden space 1536K, 2% used [0x0000000780380000,0x0000000780387af0,0x0000000780500000)
  from space 512K, 0% used [0x0000000780580000,0x0000000780580000,0x0000000780600000)
  to   space 512K, 0% used [0x0000000780500000,0x0000000780500000,0x0000000780580000)
 ParOldGen       total 5632K, used 0K [0x0000000700a00000, 0x0000000700f80000, 0x0000000780380000)
  object space 5632K, 0% used [0x0000000700a00000,0x0000000700a00000,0x0000000700f80000)
 Metaspace       used 777K, capacity 4480K, committed 4480K, reserved 1056768K
  class space    used 74K, capacity 384K, committed 384K, reserved 1048576K

Card table byte_map: [0x0000000012180000,0x0000000012780000] byte_map_base: 0x000000000e97b000

Marking Bits: (ParMarkBitMap*) 0x0000000072b78f30
 Begin Bits: [0x0000000012f80000, 0x0000000015f58000)
 End Bits:   [0x0000000015f58000, 0x0000000018f30000)

Polling page: 0x0000000001250000

CodeCache: size=245760Kb used=328Kb max_used=328Kb free=245431Kb
 bounds [0x0000000002dc0000, 0x0000000003030000, 0x0000000011dc0000]
 total_blobs=57 nmethods=0 adapters=38
 compilation: enabled

Compilation events (0 events):
No events

GC Heap History (0 events):
No events

Deoptimization events (0 events):
No events

Classes redefined (0 events):
No events

Internal exceptions (0 events):
No events

Events (10 events):
Event: 0.017 loading class java/lang/Short
Event: 0.017 loading class java/lang/Short done
Event: 0.017 loading class java/lang/Integer
Event: 0.017 loading class java/lang/Integer done
Event: 0.017 loading class java/lang/Long
Event: 0.017 loading class java/lang/Long done
Event: 0.018 loading class java/lang/NullPointerException
Event: 0.018 loading class java/lang/NullPointerException done
Event: 0.018 loading class java/lang/ArithmeticException
Event: 0.018 loading class java/lang/ArithmeticException done


Dynamic libraries:
0x00007ff6d5930000 - 0x00007ff6d5937000 	C:\Program Files\Android\Jdk\microsoft_dist_openjdk_1.8.0.25\bin\javac.exe
0x00007fffade80000 - 0x00007fffae070000 	C:\Windows\SYSTEM32\ntdll.dll
0x00007fffad570000 - 0x00007fffad622000 	C:\Windows\System32\KERNEL32.DLL
0x00007fffab220000 - 0x00007fffab4c3000 	C:\Windows\System32\KERNELBASE.dll
0x00007fff98390000 - 0x00007fff983bf000 	C:\Program Files\Android\Jdk\microsoft_dist_openjdk_1.8.0.25\bin\jli.dll
0x00000000722b0000 - 0x0000000072381000 	C:\Program Files\Android\Jdk\microsoft_dist_openjdk_1.8.0.25\bin\MSVCR100.dll
0x00007fffac350000 - 0x00007fffac3f3000 	C:\Windows\System32\ADVAPI32.dll
0x00007fffacae0000 - 0x00007fffacb7e000 	C:\Windows\System32\msvcrt.dll
0x00007fffadcd0000 - 0x00007fffadd67000 	C:\Windows\System32\sechost.dll
0x00007fffac840000 - 0x00007fffac960000 	C:\Windows\System32\RPCRT4.dll
0x00007fffa1ea0000 - 0x00007fffa2125000 	C:\Windows\WinSxS\amd64_microsoft.windows.common-controls_6595b64144ccf1df_6.0.18362.295_none_e6c3acbd13101292\COMCTL32.dll
0x00007fffacc30000 - 0x00007fffacdc3000 	C:\Windows\System32\USER32.dll
0x00007fffac400000 - 0x00007fffac736000 	C:\Windows\System32\combase.dll
0x00007fffab4f0000 - 0x00007fffab511000 	C:\Windows\System32\win32u.dll
0x00007fffac740000 - 0x00007fffac766000 	C:\Windows\System32\GDI32.dll
0x00007fffabdb0000 - 0x00007fffabeaa000 	C:\Windows\System32\ucrtbase.dll
0x00007fffaae90000 - 0x00007fffab024000 	C:\Windows\System32\gdi32full.dll
0x00007fffabeb0000 - 0x00007fffabf30000 	C:\Windows\System32\bcryptPrimitives.dll
0x00007fffab030000 - 0x00007fffab0ce000 	C:\Windows\System32\msvcp_win.dll
0x00007fffad630000 - 0x00007fffad65e000 	C:\Windows\System32\IMM32.DLL
0x0000000072c00000 - 0x0000000072cd1000 	C:\Program Files\Android\Jdk\microsoft_dist_openjdk_1.8.0.25\jre\bin\msvcr100.dll
0x00000000723b0000 - 0x0000000072bf5000 	C:\Program Files\Android\Jdk\microsoft_dist_openjdk_1.8.0.25\jre\bin\server\jvm.dll
0x00007fffa7900000 - 0x00007fffa7909000 	C:\Windows\SYSTEM32\WSOCK32.dll
0x00007fffac340000 - 0x00007fffac348000 	C:\Windows\System32\PSAPI.DLL
0x00007fffac9e0000 - 0x00007fffaca4f000 	C:\Windows\System32\WS2_32.dll
0x00007fffa6040000 - 0x00007fffa604a000 	C:\Windows\SYSTEM32\VERSION.dll
0x00007fffa8e80000 - 0x00007fffa8ea4000 	C:\Windows\SYSTEM32\WINMM.dll
0x00007fffa8e20000 - 0x00007fffa8e4d000 	C:\Windows\SYSTEM32\winmmbase.dll
0x00007fffaae40000 - 0x00007fffaae8a000 	C:\Windows\System32\cfgmgr32.dll
0x00007fffa7530000 - 0x00007fffa753f000 	C:\Program Files\Android\Jdk\microsoft_dist_openjdk_1.8.0.25\jre\bin\verify.dll
0x00007fff97c20000 - 0x00007fff97c49000 	C:\Program Files\Android\Jdk\microsoft_dist_openjdk_1.8.0.25\jre\bin\java.dll
0x00007fff9f6c0000 - 0x00007fff9f6d6000 	C:\Program Files\Android\Jdk\microsoft_dist_openjdk_1.8.0.25\jre\bin\zip.dll

VM Arguments:
jvm_args: -Dapplication.home=C:\Program Files\Android\Jdk\microsoft_dist_openjdk_1.8.0.25 -Xms8m 
java_command: com.sun.tools.javac.Main -version
java_class_path (initial): C:\Program Files\Android\Jdk\microsoft_dist_openjdk_1.8.0.25/lib/tools.jar;C:\Program Files\Android\Jdk\microsoft_dist_openjdk_1.8.0.25/classes
Launcher Type: SUN_STANDARD

Environment Variables:
JAVA_HOME=C:\Program Files\Android\Jdk\microsoft_dist_openjdk_1.8.0.25
PATH=C:\Program Files\Android\Jdk\microsoft_dist_openjdk_1.8.0.25\bin;C:\Program Files (x86)\Common Files\Oracle\Java\javapath;C:\Windows\system32;C:\Windows;C:\Windows\System32\Wbem;C:\Windows\System32\WindowsPowerShell\v1.0\;C:\Windows\System32\OpenSSH\;C:\Program Files (x86)\NVIDIA Corporation\PhysX\Common;C:\Program Files\NVIDIA Corporation\NVIDIA NvDLISR;C:\Program Files\dotnet\;C:\Program Files\Microsoft SQL Server\130\Tools\Binn\;C:\Program Files\Microsoft SQL Server\Client SDK\ODBC\170\Tools\Binn\;C:\Users\RedMa\AppData\Local\Microsoft\WindowsApps;C:\Users\RedMa\AppData\Local\GitHubDesktop\bin
USERNAME=RedMa
OS=Windows_NT
PROCESSOR_IDENTIFIER=Intel64 Family 6 Model 158 Stepping 9, GenuineIntel



---------------  S Y S T E M  ---------------

OS: Windows 10.0 , 64 bit Build 18362 (10.0.18362.86)

CPU:total 4 (initial active 4) (2 cores per cpu, 2 threads per core) family 6 model 158 stepping 9, cmov, cx8, fxsr, mmx, sse, sse2, sse3, ssse3, sse4.1, sse4.2, popcnt, avx, avx2, aes, clmul, erms, 3dnowpref, lzcnt, ht, tsc, tscinvbit, bmi1, bmi2, adx

Memory: 4k page, physical 12540636k(2029336k free), swap 14637788k(5256k free)

vm_info: OpenJDK 64-Bit Server VM (25.71-b00) for windows-amd64 JRE (1.8.0-25-microsoft-b00), built on Feb  7 2019 20:09:14 by "builder" with MS VC++ 10.0 (VS2010)

time: Wed Sep 11 16:11:28 2019
timezone: RTZ 2 (зима)
elapsed time: 0 seconds (0d 0h 0m 0s)

